2024-11-10 19:05:08 [[32minfo[39m]: Listening on 8080
2024-11-10 19:05:09 [[32minfo[39m]: Listening on 8080
2024-11-12 11:34:25 [[32minfo[39m]: Listening on 8080
2024-11-12 11:34:26 [[32minfo[39m]: Listening on 8080
2024-11-12 12:07:43 [[32minfo[39m]: Listening on 8080
2024-11-12 12:11:58 [[32minfo[39m]: Listening on 8080
2024-11-12 12:12:08 [[32minfo[39m]: Listening on 8080
2024-11-12 12:15:27 [[32minfo[39m]: Listening on 8080
2024-11-12 12:16:03 [[32minfo[39m]: Listening on 8080
2024-11-12 12:29:08 [[32minfo[39m]: Listening on 8080
2024-11-12 12:31:13 [[32minfo[39m]: Listening on 8080
2024-11-12 12:39:32 [[32minfo[39m]: Listening on 8080
2024-11-12 16:07:51 [[32minfo[39m]: Listening on 8080
2024-11-12 16:07:52 [[32minfo[39m]: Listening on 8080
2024-11-12 16:51:52 [[32minfo[39m]: Listening on 8080
2024-11-12 17:08:03 [[32minfo[39m]: Listening on 8080
2024-11-12 17:08:04 [[32minfo[39m]: Listening on 8080
2024-11-12 17:15:04 [[32minfo[39m]: Listening on 8080
2024-11-12 17:26:06 [[32minfo[39m]: Listening on 8080
2024-11-12 18:22:16 [[32minfo[39m]: Listening on 8080
2024-11-12 18:22:17 [[32minfo[39m]: Listening on 8080
2024-11-12 18:22:39 [[32minfo[39m]: Listening on 8080
2024-11-12 18:26:01 [[31merror[39m]: undefined Nuestro error
2024-11-13 20:09:36 [[32minfo[39m]: Listening on 8080
2024-11-13 20:09:39 [[32minfo[39m]: Listening on 8080
2024-11-13 20:10:31 [[32minfo[39m]: Listening on 8080
2024-11-13 20:11:52 [[31merror[39m]: undefined Nuestro error
2024-11-13 20:12:23 [[32minfo[39m]: Listening on 8080
2024-11-13 20:24:01 [[32minfo[39m]: Listening on 8080
2024-11-13 20:32:12 [[32minfo[39m]: Listening on 8080
2024-11-13 20:40:13 [[32minfo[39m]: Listening on 8080
2024-11-13 20:40:31 [[32minfo[39m]: Listening on 8080
2024-11-13 20:40:42 [[32minfo[39m]: Listening on 8080
2024-11-13 20:40:45 [[32minfo[39m]: Listening on 8080
2024-11-13 20:43:33 [[32minfo[39m]: Listening on 8080
2024-11-13 20:59:08 [[32minfo[39m]: Listening on 8080
2024-11-13 21:03:13 [[31merror[39m]: undefined Expected property name or '}' in JSON at position 10
2024-11-13 21:03:39 [[31merror[39m]: undefined Unexpected token '"', ""string"" is not valid JSON
2024-11-13 21:06:36 [[32minfo[39m]: Listening on 8080
2024-11-13 21:11:03 [[32minfo[39m]: Listening on 8080
2024-11-13 21:11:06 [[32minfo[39m]: Listening on 8080
2024-11-13 21:12:26 [[32minfo[39m]: Listening on 8080
2024-11-13 21:16:44 [[31merror[39m]: undefined Unexpected token '"', ""string"" is not valid JSON
2024-11-13 21:16:47 [[32minfo[39m]: Listening on 8080
2024-11-13 21:17:55 [[32minfo[39m]: Listening on 8080
2024-11-13 21:21:52 [[32minfo[39m]: Listening on 8080
2024-11-13 21:22:17 [[32minfo[39m]: Listening on 8080
2024-11-13 21:32:05 [[32minfo[39m]: Listening on 8080
2024-11-13 21:36:36 [[32minfo[39m]: Listening on 8080
2024-11-13 21:37:19 [[32minfo[39m]: Listening on 8080
2024-11-13 21:39:28 [[32minfo[39m]: Listening on 8080
2024-11-13 21:41:33 [[32minfo[39m]: Listening on 8080
2024-11-13 21:43:07 [[32minfo[39m]: Listening on 8080
2024-11-13 21:43:42 [[32minfo[39m]: Listening on 8080
2024-11-13 22:02:34 [[32minfo[39m]: Listening on 8080
2024-11-13 22:52:33 [[32minfo[39m]: Listening on 8080
2024-11-13 22:52:34 [[32minfo[39m]: Listening on 8080
2024-11-13 22:52:42 [[32minfo[39m]: Listening on 8080
2024-11-13 22:52:54 [[32minfo[39m]: Listening on 8080
2024-11-13 22:53:05 [[32minfo[39m]: Listening on 8080
2024-11-13 22:55:15 [[32minfo[39m]: Listening on 8080
2024-11-13 22:59:31 [[32minfo[39m]: Listening on 8080
2024-11-13 23:02:10 [[32minfo[39m]: Listening on 8080
2024-11-13 23:09:32 [[32minfo[39m]: Listening on 8080
2024-11-13 23:11:38 [[32minfo[39m]: Listening on 8080
2024-11-13 23:25:24 [[32minfo[39m]: Listening on 8080
2024-11-13 23:27:20 [[32minfo[39m]: Listening on 8080
2024-11-13 23:33:36 [[32minfo[39m]: Listening on 8080
2024-11-13 23:38:10 [[32minfo[39m]: Listening on 8080
2024-11-13 23:38:23 [[32minfo[39m]: Listening on 8080
2024-11-13 23:38:56 [[31merror[39m]: undefined Users validation failed: pets: Cast to embedded failed for value "5f7e9f9b5f7e9f9b5f7e9f9c" (type string) at path "pets" because of "ObjectParameterError"
2024-11-13 23:41:25 [[32minfo[39m]: Listening on 8080
2024-11-13 23:41:38 [[31merror[39m]: undefined Users validation failed: pets: Cast to embedded failed for value "5f7e9f9b5f7e9f9b5f7e9f9c" (type string) at path "pets" because of "ObjectParameterError"
2024-11-13 23:43:54 [[32minfo[39m]: Listening on 8080
2024-11-13 23:45:00 [[32minfo[39m]: Listening on 8080
2024-11-13 23:45:14 [[32minfo[39m]: Listening on 8080
2024-11-13 23:48:30 [[32minfo[39m]: Listening on 8080
2024-11-13 23:50:00 [[32minfo[39m]: Listening on 8080
2024-11-13 23:50:29 [[32minfo[39m]: Listening on 8080
2024-11-13 23:50:40 [[32minfo[39m]: Listening on 8080
2024-11-13 23:51:01 [[31merror[39m]: undefined E11000 duplicate key error collection: proyectofinal.users index: _id_ dup key: { _id: ObjectId('5f7e9f9b5f7e9f9b5f7e9f9b') }
2024-11-13 23:51:36 [[32minfo[39m]: Listening on 8080
2024-11-13 23:53:13 [[32minfo[39m]: Listening on 8080
2024-11-13 23:53:14 [[32minfo[39m]: Listening on 8080
2024-11-13 23:56:46 [[32minfo[39m]: Listening on 8080
2024-11-13 23:58:48 [[32minfo[39m]: Listening on 8080
